#-----------------------------------------------------------
# Vivado v2019.2 (64-bit)
# SW Build 2708876 on Wed Nov  6 21:40:23 MST 2019
# IP Build 2700528 on Thu Nov  7 00:09:20 MST 2019
# Start of session at: Tue Jul  9 22:31:25 2024
# Process ID: 20964
# Current directory: C:/Users/nisha/project_12
# Command line: vivado.exe -gui_launcher_event rodinguilauncherevent46464 C:\Users\nisha\project_12\project_12.xpr
# Log file: C:/Users/nisha/project_12/vivado.log
# Journal file: C:/Users/nisha/project_12\vivado.jou
#-----------------------------------------------------------
start_gui
open_project C:/Users/nisha/project_12/project_12.xpr
Scanning sources...
Finished scanning sources
INFO: [IP_Flow 19-234] Refreshing IP repositories
INFO: [IP_Flow 19-1704] No user IP repositories specified
INFO: [IP_Flow 19-2313] Loaded Vivado IP repository 'C:/Xilinx/Vivado/2019.2/data/ip'.
open_project: Time (s): cpu = 00:00:07 ; elapsed = 00:00:28 . Memory (MB): peak = 1188.949 ; gain = 504.895
update_compile_order -fileset sources_1
