#-----------------------------------------------------------
# Vivado v2019.2 (64-bit)
# SW Build 2708876 on Wed Nov  6 21:40:23 MST 2019
# IP Build 2700528 on Thu Nov  7 00:09:20 MST 2019
# Start of session at: Tue Jul  9 22:46:12 2024
# Process ID: 22500
# Current directory: C:/Users/nisha/project_10
# Command line: vivado.exe -gui_launcher_event rodinguilauncherevent14128 C:\Users\nisha\project_10\project_10.xpr
# Log file: C:/Users/nisha/project_10/vivado.log
# Journal file: C:/Users/nisha/project_10\vivado.jou
#-----------------------------------------------------------
start_gui
open_project C:/Users/nisha/project_10/project_10.xpr
Scanning sources...
Finished scanning sources
INFO: [IP_Flow 19-234] Refreshing IP repositories
INFO: [IP_Flow 19-1704] No user IP repositories specified
INFO: [IP_Flow 19-2313] Loaded Vivado IP repository 'C:/Xilinx/Vivado/2019.2/data/ip'.
open_project: Time (s): cpu = 00:00:08 ; elapsed = 00:00:12 . Memory (MB): peak = 1175.680 ; gain = 489.504
update_compile_order -fileset sources_1
exit
INFO: [Common 17-206] Exiting Vivado at Tue Jul  9 22:47:47 2024...
