#-----------------------------------------------------------
# Vivado v2019.2 (64-bit)
# SW Build 2708876 on Wed Nov  6 21:40:23 MST 2019
# IP Build 2700528 on Thu Nov  7 00:09:20 MST 2019
# Start of session at: Tue Jul  9 22:44:55 2024
# Process ID: 42920
# Current directory: C:/Users/nisha/project_8
# Command line: vivado.exe -gui_launcher_event rodinguilauncherevent28704 C:\Users\nisha\project_8\project_8.xpr
# Log file: C:/Users/nisha/project_8/vivado.log
# Journal file: C:/Users/nisha/project_8\vivado.jou
#-----------------------------------------------------------
start_gui
open_project C:/Users/nisha/project_8/project_8.xpr
Scanning sources...
Finished scanning sources
INFO: [IP_Flow 19-234] Refreshing IP repositories
INFO: [IP_Flow 19-1704] No user IP repositories specified
INFO: [IP_Flow 19-2313] Loaded Vivado IP repository 'C:/Xilinx/Vivado/2019.2/data/ip'.
open_project: Time (s): cpu = 00:00:11 ; elapsed = 00:00:17 . Memory (MB): peak = 1145.215 ; gain = 469.008
update_compile_order -fileset sources_1
exit
INFO: [Common 17-206] Exiting Vivado at Tue Jul  9 22:45:56 2024...
