#-----------------------------------------------------------
# Vivado v2019.2 (64-bit)
# SW Build 2708876 on Wed Nov  6 21:40:23 MST 2019
# IP Build 2700528 on Thu Nov  7 00:09:20 MST 2019
# Start of session at: Tue Jul  9 22:50:50 2024
# Process ID: 44572
# Current directory: C:/Users/nisha/project_14
# Command line: vivado.exe -gui_launcher_event rodinguilauncherevent46264 C:\Users\nisha\project_14\project_14.xpr
# Log file: C:/Users/nisha/project_14/vivado.log
# Journal file: C:/Users/nisha/project_14\vivado.jou
#-----------------------------------------------------------
start_gui
open_project C:/Users/nisha/project_14/project_14.xpr
Scanning sources...
Finished scanning sources
INFO: [IP_Flow 19-234] Refreshing IP repositories
INFO: [IP_Flow 19-1704] No user IP repositories specified
INFO: [IP_Flow 19-2313] Loaded Vivado IP repository 'C:/Xilinx/Vivado/2019.2/data/ip'.
open_project: Time (s): cpu = 00:00:08 ; elapsed = 00:00:11 . Memory (MB): peak = 1172.816 ; gain = 510.352
update_compile_order -fileset sources_1
exit
INFO: [Common 17-206] Exiting Vivado at Tue Jul  9 22:51:35 2024...
